[ Info: Optimizing C101-25 with 3 vehicles!!! --file exiting: true
start program Thu, 5 Oct 2023 22:31:15Set parameter Username
ERROR: LoadError: Gurobi Error 10009: HostID mismatch (licensed to a70042f1, hostid is a7004021)
Stacktrace:
  [1] _check_ret
    @ ~/.julia/packages/Gurobi/vStLK/src/MOI_wrapper/MOI_wrapper.jl:400 [inlined]
  [2] Gurobi.Env(; output_flag::Int64, memory_limit::Nothing, started::Bool)
    @ Gurobi ~/.julia/packages/Gurobi/vStLK/src/MOI_wrapper/MOI_wrapper.jl:129
  [3] Env
    @ ~/.julia/packages/Gurobi/vStLK/src/MOI_wrapper/MOI_wrapper.jl:102 [inlined]
  [4] Gurobi.Optimizer(env::Nothing; enable_interrupts::Bool)
    @ Gurobi ~/.julia/packages/Gurobi/vStLK/src/MOI_wrapper/MOI_wrapper.jl:331
  [5] Optimizer (repeats 2 times)
    @ ~/.julia/packages/Gurobi/vStLK/src/MOI_wrapper/MOI_wrapper.jl:325 [inlined]
  [6] _instantiate_and_check(optimizer_constructor::Any)
    @ MathOptInterface ~/.julia/packages/MathOptInterface/pgWRA/src/instantiate.jl:94
  [7] instantiate(optimizer_constructor::Any; with_bridge_type::Type{Float64}, with_cache_type::Nothing)
    @ MathOptInterface ~/.julia/packages/MathOptInterface/pgWRA/src/instantiate.jl:175
  [8] set_optimizer(model::JuMP.Model, optimizer_constructor::Any; add_bridges::Bool)
    @ JuMP ~/.julia/packages/JuMP/ToPd2/src/optimizer_interface.jl:365
  [9] JuMP.Model(optimizer_factory::Any; add_bridges::Bool)
    @ JuMP ~/.julia/packages/JuMP/ToPd2/src/JuMP.jl:183
 [10] GenericModel
    @ ~/.julia/packages/JuMP/ToPd2/src/JuMP.jl:175 [inlined]
 [11] opt_balancing_weighted_sum_w(ins_name::String, num_vehicle::Int64, solver::Module; time_solve::Int64, w1::Float64, w2::Float64)
    @ VRPTW ~/.julia/dev/VRPTW/src/optimal.jl:391
 [12] #opt_balancing_weighted_sum_w1_w9#182
    @ ~/.julia/dev/VRPTW/src/optimal.jl:374 [inlined]
 [13] find_opt(solver::Module; obj_func::typeof(VRPTW.opt_balancing_weighted_sum_w1_w9), time_solve::Int64, fix_run::Nothing, customize_num::Bool)
    @ VRPTW ~/.julia/dev/VRPTW/src/optimal.jl:1034
 [14] top-level scope
    @ ~/.julia/dev/VRPTW/src/script.jl:9
in expression starting at /home/payakorn_sak/.julia/dev/VRPTW/src/script.jl:9
srun: error: compute1: task 0: Exited with exit code 1
